<?xml version="1.0" encoding="UTF-8"?>
<!-- Generated by org.testng.reporters.JUnitReportReporter -->
<testsuite hostname="EC2AMAZ-S11DBRH" failures="0" tests="4" name="testScripts.PlaceOrderTest" time="0.985" errors="0" timestamp="2023-12-14T07:24:56 GMT" skipped="0">
  <testcase classname="testScripts.PlaceOrderTest" name="validLogin" time="0.076"/>
  <system-out/>
  <testcase classname="testScripts.PlaceOrderTest" name="addItem" time="0.286"/>
  <system-out/>
  <testcase classname="testScripts.PlaceOrderTest" name="checkoutTest" time="0.082"/>
  <system-out/>
  <testcase classname="testScripts.PlaceOrderTest" name="checkoutInfo" time="0.541"/>
  <system-out/>
</testsuite> <!-- testScripts.PlaceOrderTest -->
